<?xml version="1.0" encoding="UTF-8"?>
<!-- Generated by org.testng.reporters.JUnitReportReporter -->
<testsuite hostname="LIN51011396" failures="0" tests="1" name="com.flipkart.qa.testclass.TestClass" time="22.006" errors="0" timestamp="2023-09-24T14:44:36 IST" skipped="0">
  <testcase classname="com.flipkart.qa.testclass.TestClass" name="test001" time="22.006"/>
  <system-out>
    <![CDATA[.... user clicked on appliances ....
<a href = "   C:\Users\pinayak\eclipse-workspace\flipkart\screenshots\appliances.png  "> Link </a>
.... user is not in appliances page ....
.... product Clicked ....
<a href = "   C:\Users\pinayak\eclipse-workspace\flipkart\screenshots\product.png  "> Link </a>
.... item Clicked ....
<a href = "   C:\Users\pinayak\eclipse-workspace\flipkart\screenshots\item.png  "> Link </a>
.... buy now Clicked ....
<a href = "   C:\Users\pinayak\eclipse-workspace\flipkart\screenshots\buynow.png  "> Link </a>
...loginsignuppage....
<a href = "   C:\Users\pinayak\eclipse-workspace\flipkart\screenshots\loginsignuppage.png  "> Link </a>]]>
  </system-out>
</testsuite> <!-- com.flipkart.qa.testclass.TestClass -->
