<?xml version="1.0" encoding="UTF-8"?>
<!-- Generated by org.testng.reporters.JUnitReportReporter -->
<testsuite hostname="LAPTOP-DBS5OUH1" failures="0" tests="3" name="com.saucelab.qa.testclass.TestClass" time="54.047" errors="0" timestamp="2023-09-03T21:22:52 IST" skipped="0">
  <testcase classname="com.saucelab.qa.testclass.TestClass" name="test_user_01" time="24.811">
    <system-out>
      <![CDATA[ <a  href =  " C:\Users\HP\eclipse-workspace\saucelabdemo\screenshot\title.png " > link </a> 
....... Title got verified .........
......... Logged in successfully ..........
 <a  href =  " C:\Users\HP\eclipse-workspace\saucelabdemo\screenshot\verify_page_url.png " > link </a> 
 getproductName function ......
6 got added to cart ......
 <a  href =  " C:\Users\HP\eclipse-workspace\saucelabdemo\screenshot\addtocart.png " > link </a> 
 product got added to cart ......
..... Clicked on shopping cart .....
 <a  href =  " C:\Users\HP\eclipse-workspace\saucelabdemo\screenshot\ShoppingCart.png " > link </a> 
 getproductName function() ......
.... name got matched ..... 
 getproductName function() ......
.... name got matched ..... 
 getproductName function() ......
.... name got matched ..... 
 getproductName function() ......
.... name got matched ..... 
 getproductName function() ......
.... name got matched ..... 
 getproductName function() ......
.... name got matched ..... 
 <a  href =  " C:\Users\HP\eclipse-workspace\saucelabdemo\screenshot\verifyProductName.png " > link </a> 
Clicked on checkout
 <a  href =  " C:\Users\HP\eclipse-workspace\saucelabdemo\screenshot\clickCheckOut.png " > link </a> 
 ..... user is in checkout page .....
 <a  href =  " C:\Users\HP\eclipse-workspace\saucelabdemo\screenshot\verifyCheckOutPage.png " > link </a> 
 ..... user added checkoutdetails .....
 <a  href =  " C:\Users\HP\eclipse-workspace\saucelabdemo\screenshot\addCheckOutDetails.png " > link </a> 
 ..... user Clicked Continue .....
 <a  href =  " C:\Users\HP\eclipse-workspace\saucelabdemo\screenshot\clickContinue.png " > link </a> ]]>
    </system-out>
  </testcase> <!-- test_user_01 -->
  <testcase classname="com.saucelab.qa.testclass.TestClass" name="test_user_02" time="7.918">
    <system-out>
      <![CDATA[ <a  href =  " C:\Users\HP\eclipse-workspace\saucelabdemo\screenshot\title.png " > link </a> 
....... Title got verified .........
......... failed to login might be username or password is incorrect .........
 <a  href =  " C:\Users\HP\eclipse-workspace\saucelabdemo\screenshot\verify_page_url.png " > link </a> ]]>
    </system-out>
  </testcase> <!-- test_user_02 -->
  <testcase classname="com.saucelab.qa.testclass.TestClass" name="test_user_03" time="21.318">
    <system-out>
      <![CDATA[ <a  href =  " C:\Users\HP\eclipse-workspace\saucelabdemo\screenshot\title.png " > link </a> 
....... Title got verified .........
......... Logged in successfully ..........
 <a  href =  " C:\Users\HP\eclipse-workspace\saucelabdemo\screenshot\verify_page_url.png " > link </a> 
 getproductName function() ......
 <a  href =  " C:\Users\HP\eclipse-workspace\saucelabdemo\screenshot\addtocart.png " > link </a> 
 product got added to cart ......
..... Clicked on shopping cart .....
 <a  href =  " C:\Users\HP\eclipse-workspace\saucelabdemo\screenshot\ShoppingCart.png " > link </a> 
 getproductName function() ......
.... name got matched ..... 
 <a  href =  " C:\Users\HP\eclipse-workspace\saucelabdemo\screenshot\verifyProductName.png " > link </a> 
Clicked on checkout
 <a  href =  " C:\Users\HP\eclipse-workspace\saucelabdemo\screenshot\clickCheckOut.png " > link </a> 
 ..... user is in checkout page .....
 <a  href =  " C:\Users\HP\eclipse-workspace\saucelabdemo\screenshot\verifyCheckOutPage.png " > link </a> 
 ..... user added checkoutdetails .....
 <a  href =  " C:\Users\HP\eclipse-workspace\saucelabdemo\screenshot\addCheckOutDetails.png " > link </a> 
 ..... user Clicked Continue .....
 <a  href =  " C:\Users\HP\eclipse-workspace\saucelabdemo\screenshot\clickContinue.png " > link </a> ]]>
    </system-out>
  </testcase> <!-- test_user_03 -->
  <system-out>
    <![CDATA[ <a  href =  " C:\Users\HP\eclipse-workspace\saucelabdemo\screenshot\title.png " > link </a> 
....... Title got verified .........
......... Logged in successfully ..........
 <a  href =  " C:\Users\HP\eclipse-workspace\saucelabdemo\screenshot\verify_page_url.png " > link </a> 
 getproductName function ......
6 got added to cart ......
 <a  href =  " C:\Users\HP\eclipse-workspace\saucelabdemo\screenshot\addtocart.png " > link </a> 
 product got added to cart ......
..... Clicked on shopping cart .....
 <a  href =  " C:\Users\HP\eclipse-workspace\saucelabdemo\screenshot\ShoppingCart.png " > link </a> 
 getproductName function() ......
.... name got matched ..... 
 getproductName function() ......
.... name got matched ..... 
 getproductName function() ......
.... name got matched ..... 
 getproductName function() ......
.... name got matched ..... 
 getproductName function() ......
.... name got matched ..... 
 getproductName function() ......
.... name got matched ..... 
 <a  href =  " C:\Users\HP\eclipse-workspace\saucelabdemo\screenshot\verifyProductName.png " > link </a> 
Clicked on checkout
 <a  href =  " C:\Users\HP\eclipse-workspace\saucelabdemo\screenshot\clickCheckOut.png " > link </a> 
 ..... user is in checkout page .....
 <a  href =  " C:\Users\HP\eclipse-workspace\saucelabdemo\screenshot\verifyCheckOutPage.png " > link </a> 
 ..... user added checkoutdetails .....
 <a  href =  " C:\Users\HP\eclipse-workspace\saucelabdemo\screenshot\addCheckOutDetails.png " > link </a> 
 ..... user Clicked Continue .....
 <a  href =  " C:\Users\HP\eclipse-workspace\saucelabdemo\screenshot\clickContinue.png " > link </a> 
 <a  href =  " C:\Users\HP\eclipse-workspace\saucelabdemo\screenshot\title.png " > link </a> 
....... Title got verified .........
......... failed to login might be username or password is incorrect .........
 <a  href =  " C:\Users\HP\eclipse-workspace\saucelabdemo\screenshot\verify_page_url.png " > link </a> 
 <a  href =  " C:\Users\HP\eclipse-workspace\saucelabdemo\screenshot\title.png " > link </a> 
....... Title got verified .........
......... Logged in successfully ..........
 <a  href =  " C:\Users\HP\eclipse-workspace\saucelabdemo\screenshot\verify_page_url.png " > link </a> 
 getproductName function() ......
 <a  href =  " C:\Users\HP\eclipse-workspace\saucelabdemo\screenshot\addtocart.png " > link </a> 
 product got added to cart ......
..... Clicked on shopping cart .....
 <a  href =  " C:\Users\HP\eclipse-workspace\saucelabdemo\screenshot\ShoppingCart.png " > link </a> 
 getproductName function() ......
.... name got matched ..... 
 <a  href =  " C:\Users\HP\eclipse-workspace\saucelabdemo\screenshot\verifyProductName.png " > link </a> 
Clicked on checkout
 <a  href =  " C:\Users\HP\eclipse-workspace\saucelabdemo\screenshot\clickCheckOut.png " > link </a> 
 ..... user is in checkout page .....
 <a  href =  " C:\Users\HP\eclipse-workspace\saucelabdemo\screenshot\verifyCheckOutPage.png " > link </a> 
 ..... user added checkoutdetails .....
 <a  href =  " C:\Users\HP\eclipse-workspace\saucelabdemo\screenshot\addCheckOutDetails.png " > link </a> 
 ..... user Clicked Continue .....
 <a  href =  " C:\Users\HP\eclipse-workspace\saucelabdemo\screenshot\clickContinue.png " > link </a> ]]>
  </system-out>
</testsuite> <!-- com.saucelab.qa.testclass.TestClass -->
