<?xml version="1.0" encoding="UTF-8"?>
<!-- Generated by org.testng.reporters.JUnitReportReporter -->
<testsuite hostname="LAPTOP-DBS5OUH1" failures="0" tests="1" name="com.filpkart.qa.Testclass.TestClass" time="23.115" errors="0" timestamp="2024-03-09T08:10:45 IST" skipped="0">
  <testcase classname="com.filpkart.qa.Testclass.TestClass" name="test" time="23.115"/>
</testsuite> <!-- com.filpkart.qa.Testclass.TestClass -->
